Saturday 6/15/2019 8:53pm [Rizon] - KaLiMaa_xdcc (KaLiMaa_xdcc!~KaLiMaa_x@EB582F5D.639E2BB9.3C5FD06D.IP) CTCP DCC CHAT CHAT 3232235881 61846
Saturday 6/15/2019 8:59pm [Rizon] - [EWG]-Latest ([EWG]-Latest!EWG@iRC.for.Life) CTCP PING 1560625184
Saturday 6/15/2019 8:59pm [Rizon] - meatwad (meatwad!~ident@Lean.Mean.Ground.Beef.Machine) CTCP PING 111043406
Sunday 6/16/2019 4:19am [Rizon] - filostyktos (filostyktos!~kvirc@I.m.not.gonna.make.it.three) CTCP queues
Sunday 6/16/2019 5:14am [Rizon] - KaLiMaa_xdcc (KaLiMaa_xdcc!~KaLiMaa_x@EB582F5D.639E2BB9.3C5FD06D.IP) CTCP DCC CHAT CHAT 3232235881 56276
Sunday 6/16/2019 5:27pm [Rizon] - py-ctcp (py-ctcp!ctcp@ctcp-scanner.rizon.net) CTCP VERSION
Monday 6/17/2019 8:32pm [Rizon] - ethereal (ethereal!~weechat@aaa.aaa.aaa) CTCPREPLY PING 247487879
Tuesday 6/18/2019 4:12pm [Rizon] - anonft7 (anonft7!~anonft7@Rizon-DAED395B.adsl.highway.telekom.at) CTCP XDCC send #15
Saturday 6/22/2019 8:53am [Rizon] - py-ctcp (py-ctcp!ctcp@ctcp-scanner.rizon.net) CTCP VERSION
Sunday 6/23/2019 2:49pm [Rizon] - ethereal (ethereal!~weechat@aaa.aaa.aaa) CTCPREPLY PING 163548140
Monday 6/24/2019 2:00pm [Rizon] - KaLi (KaLi!KaLi@Rizon-4CBF18A0.static.jazztel.es) CTCPREPLY PING 247027505
Tuesday 6/25/2019 8:59pm [Rizon] - py-ctcp (py-ctcp!ctcp@ctcp-scanner.rizon.net) CTCP VERSION
Wednesday 6/26/2019 2:04pm [Rizon] - KaLi-ShakTi (KaLi-ShakTi!~KaLi-Shak@Rizon-4CBF18A0.static.jazztel.es) CTCPREPLY PING 61654839
Wednesday 6/26/2019 4:12pm [Rizon] - fastman (fastman!~fastman@Rizon-352B880D.pl) CTCPREPLY PING 69290090
Wednesday 6/26/2019 6:09pm [Rizon] - KaLi-ShakTi (KaLi-ShakTi!~KaLi-Shak@Rizon-4CBF18A0.static.jazztel.es) CTCPREPLY PING 76312740
Thursday 6/27/2019 9:48pm [Rizon] - py-ctcp (py-ctcp!ctcp@ctcp-scanner.rizon.net) CTCP VERSION
Friday 6/28/2019 12:28pm [Rizon] - KaLi-ShakTi (KaLi-ShakTi!~KaLi-Shak@Rizon-4CBF18A0.static.jazztel.es) CTCPREPLY PING 52921716
Sunday 6/30/2019 5:46pm [Rizon] - py-ctcp (py-ctcp!ctcp@ctcp-scanner.rizon.net) CTCP VERSION
Tuesday 7/2/2019 3:45pm [Rizon] - daniel0wellby_sc (daniel0wellby_sc!~daniel0we@the.lone.griffon) CTCPREPLY PING 165598384
Tuesday 7/2/2019 4:53pm [Rizon] - KaLi-ShakTi (KaLi-ShakTi!~KaLi-Shak@Rizon-4CBF18A0.static.jazztel.es) CTCPREPLY PING 169671180
Tuesday 7/2/2019 5:18pm [Rizon] - KaLi-ShakTi (KaLi-ShakTi!~KaLi-Shak@Rizon-4CBF18A0.static.jazztel.es) CTCPREPLY PING 171187166
Tuesday 7/2/2019 6:38pm [Rizon] - KaLi-ShakTi (KaLi-ShakTi!~KaLi-Shak@Rizon-4CBF18A0.static.jazztel.es) CTCPREPLY PING 176014742
Tuesday 7/2/2019 6:39pm [Rizon] - Wukong (Wukong!~Wukong@Rizon-4B01B030.hsd1.nj.comcast.net) CTCPREPLY PING 176042027
Saturday 7/6/2019 3:22pm [Rizon] - py-ctcp (py-ctcp!ctcp@ctcp-scanner.rizon.net) CTCP VERSION
Saturday 7/6/2019 3:22pm [Rizon] - Data (Data!~BOT@EDF45DD3.DDA836AE.711F80BC.IP) CTCP VERSION
Saturday 7/6/2019 3:32pm [Rizon] - roboirc (roboirc!~meh@i.am.roboirc) CTCPREPLY PING 655828
Saturday 7/6/2019 5:26pm [Rizon] - py-ctcp (py-ctcp!ctcp@ctcp-scanner.rizon.net) CTCP VERSION
Saturday 7/6/2019 5:26pm [Rizon] - py-ctcp (py-ctcp!ctcp@ctcp-scanner.rizon.net) CTCP VERSION
Saturday 7/6/2019 5:26pm [Rizon] - Data (Data!~BOT@EDF45DD3.DDA836AE.711F80BC.IP) CTCP VERSION
Saturday 7/6/2019 6:21pm [Rizon] - eL_Angel_bOy (eL_Angel_bOy!~DeV@8FAB2148.3194272B.7823D79E.IP) CTCP PING 9273850
Saturday 7/6/2019 6:21pm [Rizon] - [Bc]-[Latest] ([Bc]-[Latest]!Bc-Late@Latest.News) CTCP PING 1562430097
Saturday 7/6/2019 6:21pm [Rizon] - [Bc]-[Latest] ([Bc]-[Latest]!Bc-Late@Latest.News) CTCP PING 1562430097
Saturday 7/6/2019 6:21pm [Rizon] - Darkness (Darkness!~Darkness@Rizon-ADC57187.hosthide.com) CTCP PING 1562430095
Saturday 7/6/2019 8:01pm [Rizon] - ethereal (ethereal!~weechat@aaa.aaa.aaa) CTCPREPLY PING 9755787
Monday 7/8/2019 2:32am [Rizon] - ethereal (ethereal!~weechat@aaa.aaa.aaa) CTCPREPLY PING 119613173
Tuesday 7/9/2019 6:59pm [Rizon] - ethereal (ethereal!~weechat@aaa.aaa.aaa) CTCPREPLY PING 265198236
Wednesday 7/10/2019 12:50am [Rizon] - asus_ (asus_!~Username0@4142C601.3F8C2505.FB90C5E.IP) CTCP DCC RESUME Sony_Vegas_Pro_14.0_Build_244_+_patch_-_Crackingpatching.com.zip 1024 4521984
Wednesday 7/10/2019 1:48am [Rizon] - ethereal (ethereal!~weechat@aaa.aaa.aaa) CTCPREPLY PING 289769080
Wednesday 7/10/2019 2:14pm [Rizon] - [FutureBot]-[C11] ([FutureBot]-[C11]!~cha0s@84EC4195:F968EC14:5D49FB61:IP) CTCP DCC SEND [APP].FL.Studio.v.20.0.3.532.Incl.Patch.and.Keygen-R2R.tar 2001:41d0:8:9387::1 60343 1374842880
Wednesday 7/10/2019 2:15pm [Rizon] - [FutureBot]-[C11] ([FutureBot]-[C11]!~cha0s@84EC4195:F968EC14:5D49FB61:IP) CTCP DCC SEND [APP].FL.Studio.v.20.0.3.532.Incl.Patch.and.Keygen-R2R.tar 2001:41d0:8:9387::1 60343 1374842880
Wednesday 7/10/2019 8:47pm [Rizon] - roboirc (roboirc!~roboirc@i.am.roboirc) CTCP PING 5862100
Thursday 7/11/2019 9:45am [Rizon] - [FutureBot]-[C11] ([FutureBot]-[C11]!~cha0s@84EC4195:F968EC14:5D49FB61:IP) CTCP DCC SEND [APP].FL.Studio.v.20.0.3.532.Incl.Patch.and.Keygen-R2R.tar 2001:41d0:8:9387::1 60767 1374842880
Thursday 7/11/2019 9:46am [Rizon] - [FutureBot]-[C11] ([FutureBot]-[C11]!~cha0s@84EC4195:F968EC14:5D49FB61:IP) CTCP DCC SEND [APP].FL.Studio.v.20.0.3.532.Incl.Patch.and.Keygen-R2R.tar 2001:41d0:8:9387::1 60767 1374842880
Thursday 7/11/2019 10:58am [Rizon] - py-ctcp (py-ctcp!ctcp@ctcp-scanner.rizon.net) CTCP VERSION
Thursday 7/11/2019 11:36am [Rizon] - [EWG]_-1 ([EWG]_-1!~Captain@Rizon-103CAB6E.ip-54-39-62.net) CTCP DCC SEND FL.Studio.v.20.0.3.532.Incl.Patch.and.Keygen-R2R.tar 908541621 23876 1374842880
Thursday 7/11/2019 12:49pm [Rizon] - KaLiMaa_xdcc (KaLiMaa_xdcc!~KaLiMaa_x@EB582F5D.639E2BB9.3C5FD06D.IP) CTCP DCC CHAT CHAT 3232235885 51655
Thursday 7/11/2019 12:49pm [Rizon] - KaLiMaa_xdcc (KaLiMaa_xdcc!~KaLiMaa_x@EB582F5D.639E2BB9.3C5FD06D.IP) CTCP DCC CHAT CHAT 3232235885 51656
Thursday 7/11/2019 1:22pm [Rizon] - ethereal (ethereal!~weechat@aaa.aaa.aaa) CTCPREPLY PING 8879249
Thursday 7/11/2019 1:23pm [Rizon] - ethereal (ethereal!~weechat@aaa.aaa.aaa) CTCPREPLY PING 8935503
Thursday 7/11/2019 8:10pm [Rizon] - roboirc (roboirc!~roboirc@i.am.roboirc) CTCP PING 12845041
Thursday 7/11/2019 8:46pm [Rizon] - roboirc (roboirc!~roboirc@i.am.roboirc) CTCP PING 15028216
Thursday 7/11/2019 9:08pm [Rizon] - roboirc (roboirc!~roboirc@i.am.roboirc) CTCP PING 16340291
Friday 7/12/2019 8:08am [Rizon] - [MW]-N-DeAlEr ([MW]-N-DeAlEr!~NUTS@6FF1B07.3919CEE1.B7C8FFB6.IP) CTCP DCC SEND David.Bowie-Aladdin.Sane.40th.Anniversary.Edition-(Remastered)-2013-MTD.tar 1034662748 0 1535160 68
Friday 7/12/2019 8:08am [Rizon] - [MW]-N-DeAlEr ([MW]-N-DeAlEr!~NUTS@6FF1B07.3919CEE1.B7C8FFB6.IP) CTCP DCC SEND David.Bowie-David.Bowie-Remastered-WEB-2015-ENTiTLED.tar 1034662748 0 14460 69
Friday 7/12/2019 8:12am [Rizon] - [MW]-N-DeAlEr ([MW]-N-DeAlEr!~NUTS@6FF1B07.3919CEE1.B7C8FFB6.IP) CTCP DCC SEND David.Bowie-Pin-Ups-Remastered-WEB-2015-ENTiTLED.tar 1034662748 0 315420 70
Friday 7/12/2019 8:15am [Rizon] - [MW]-N-DeAlEr ([MW]-N-DeAlEr!~NUTS@6FF1B07.3919CEE1.B7C8FFB6.IP) CTCP DCC SEND David.Bowie-The.Man.Who.Sold.The.World-Remastered-WEB-2015-ENTiTLED.tar 1034662748 0 550140 71
Friday 7/12/2019 8:15am [Rizon] - [MW]-N-DeAlEr ([MW]-N-DeAlEr!~NUTS@6FF1B07.3919CEE1.B7C8FFB6.IP) CTCP DCC SEND David.Bowie-Hunky.Dory-Remastered-WEB-2015-ENTiTLED.tar 1034662748 0 2292540 72
Friday 7/12/2019 10:28pm [Rizon] - ethereal (ethereal!~weechat@aaa.aaa.aaa) CTCPREPLY PING 128045979
Saturday 7/13/2019 9:10am [Rizon] - py-ctcp (py-ctcp!ctcp@ctcp-scanner.rizon.net) CTCP VERSION
Saturday 7/13/2019 12:15pm [Rizon] - [FutureBot]-[C11] ([FutureBot]-[C11]!~cha0s@Rizon-B87BFCFC.ip-5-39-81.eu) CTCP DCC SEND "Hackers + Hackers 2 soundtrack.tar" 86462855 52651 151849984
Saturday 7/13/2019 2:58pm [Rizon] - ethereal (ethereal!~weechat@aaa.aaa.aaa) CTCPREPLY PING 20979404
Saturday 7/13/2019 9:03pm [Rizon] - KaLiMaa_xdcc (KaLiMaa_xdcc!~KaLiMaa_x@EB582F5D.639E2BB9.3C5FD06D.IP) CTCP DCC CHAT CHAT 3232235885 64225
Saturday 7/13/2019 9:08pm [Rizon] - roboirc (roboirc!~roboirc@i.am.roboirc) CTCP PING 1318507
Saturday 7/13/2019 9:45pm [Rizon] - roboirc (roboirc!~roboirc@i.am.roboirc) CTCP PING 3521541
Saturday 7/13/2019 11:08pm [Rizon] - ethereal (ethereal!~weechat@aaa.aaa.aaa) CTCPREPLY PING 50348293
Sunday 7/14/2019 4:48am [Rizon] - ethereal (ethereal!~weechat@aaa.aaa.aaa) CTCPREPLY PING 70745127
Sunday 7/14/2019 1:38pm [Rizon] - py-ctcp (py-ctcp!ctcp@ctcp-scanner.rizon.net) CTCP VERSION
Sunday 7/14/2019 4:18pm [Rizon] - ethereal (ethereal!~weechat@aaa.aaa.aaa) CTCPREPLY PING 112148479
Monday 7/15/2019 6:24pm [Rizon] - py-ctcp (py-ctcp!ctcp@ctcp-scanner.rizon.net) CTCP VERSION
Tuesday 7/16/2019 9:11pm [Rizon] - vafffv (vafffv!~as@9F5E140B.C3090363.C82A0DAB.IP) CTCP XDCC SEND #99
Wednesday 7/17/2019 5:54am [Rizon] - Data (Data!~BOT@B.o.t) CTCP VERSION
Wednesday 7/17/2019 9:51pm [Rizon] - py-ctcp (py-ctcp!ctcp@ctcp-scanner.rizon.net) CTCP VERSION
Thursday 7/18/2019 8:13pm [Rizon] - py-ctcp (py-ctcp!ctcp@ctcp-scanner.rizon.net) CTCP VERSION
Thursday 7/18/2019 9:06pm [Rizon] - KaLiMaa_xdcc (KaLiMaa_xdcc!~KaLiMaa_x@EB582F5D.639E2BB9.3C5FD06D.IP) CTCP DCC CHAT CHAT 3232235885 50728
Thursday 7/18/2019 9:16pm [Rizon] - KaLiMaa_xdcc (KaLiMaa_xdcc!~KaLiMaa_x@EB582F5D.639E2BB9.3C5FD06D.IP) CTCP DCC CHAT CHAT 3232235885 50902
Thursday 7/18/2019 9:38pm [Rizon] - KaLiMaa_xdcc (KaLiMaa_xdcc!~KaLiMaa_x@EB582F5D.639E2BB9.3C5FD06D.IP) CTCP DCC CHAT CHAT 3232235885 51408
Friday 7/19/2019 8:51am [Rizon] - py-ctcp (py-ctcp!ctcp@ctcp-scanner.rizon.net) CTCP VERSION
Saturday 7/20/2019 10:33am [Rizon] - _^aBa^_ (_^aBa^_!~krsna@achintya.bheda.abheda) CTCP DCC SEND happeninga.jpg 1806355324 0 637145 1164
Saturday 7/20/2019 11:52am [Rizon] - py-ctcp (py-ctcp!ctcp@ctcp-scanner.rizon.net) CTCP VERSION
Sunday 7/21/2019 2:08am [Rizon] - py-ctcp (py-ctcp!ctcp@ctcp-scanner.rizon.net) CTCP VERSION
Sunday 7/21/2019 4:09pm [Rizon] - py-ctcp (py-ctcp!ctcp@ctcp-scanner.rizon.net) CTCP VERSION
Sunday 7/21/2019 5:10pm [Rizon] - _^aBa^_ (_^aBa^_!~krsna@achintya.bheda.abheda) CTCP DCC RESUME "MAGIX_Vegas_Pro_14.0.0_Build_270_(x64)_+_Patch_[CracksNow].rar" 1025 14131200
Sunday 7/21/2019 5:12pm [Rizon] - _^aBa^_ (_^aBa^_!~krsna@achintya.bheda.abheda) CTCP DCC RESUME "MAGIX_Vegas_Pro_14.0.0_Build_270_(x64)_+_Patch_[CracksNow].rar" 1025 14131200
Sunday 7/21/2019 5:57pm [Rizon] - py-ctcp (py-ctcp!ctcp@ctcp-scanner.rizon.net) CTCP VERSION
Sunday 7/21/2019 9:25pm [Rizon] - py-ctcp (py-ctcp!ctcp@ctcp-scanner.rizon.net) CTCP VERSION
Sunday 7/21/2019 9:42pm [Rizon] - py-ctcp (py-ctcp!ctcp@ctcp-scanner.rizon.net) CTCP VERSION
Sunday 7/21/2019 11:46pm [Rizon] - py-ctcp (py-ctcp!ctcp@ctcp-scanner.rizon.net) CTCP VERSION
Monday 7/22/2019 2:20am [Rizon] - py-ctcp (py-ctcp!ctcp@ctcp-scanner.rizon.net) CTCP VERSION
Monday 7/22/2019 8:35pm [Rizon] - py-ctcp (py-ctcp!ctcp@ctcp-scanner.rizon.net) CTCP VERSION
Tuesday 7/23/2019 2:38am [Rizon] - py-ctcp (py-ctcp!ctcp@ctcp-scanner.rizon.net) CTCP VERSION
Tuesday 7/23/2019 3:34am [Rizon] - py-ctcp (py-ctcp!ctcp@ctcp-scanner.rizon.net) CTCP VERSION
